<?xml version="1.0" encoding="UTF-8"?>
<!-- Generated by org.testng.reporters.JUnitReportReporter -->
<testsuite skipped="0" hostname="DESKTOP-QACIIP8" name="flyonit.MavenJava.SeleniumTest" tests="2" failures="0" timestamp="25 Jul 2022 07:38:34 GMT" time="0.001" errors="0">
  <testcase name="browserOpen" time="0.000" classname="flyonit.MavenJava.SeleniumTest"/>
  <testcase name="hitUrl" time="0.001" classname="flyonit.MavenJava.SeleniumTest"/>
</testsuite> <!-- flyonit.MavenJava.SeleniumTest -->
