<?xml version="1.0" encoding="UTF-8"?>
<!-- Generated by org.testng.reporters.JUnitReportReporter -->
<testsuite skipped="0" hostname="DESKTOP-QACIIP8" name="flyonit.MavenJava.AppiumTest" tests="2" failures="0" timestamp="25 Jul 2022 07:37:31 GMT" time="0.009" errors="0">
  <testcase name="openAPP" time="0.001" classname="flyonit.MavenJava.AppiumTest"/>
  <testcase name="runAPP" time="0.008" classname="flyonit.MavenJava.AppiumTest"/>
</testsuite> <!-- flyonit.MavenJava.AppiumTest -->
