<?xml version="1.0" encoding="UTF-8"?>
<!-- Generated by org.testng.reporters.JUnitReportReporter -->
<testsuite skipped="0" hostname="DESKTOP-QACIIP8" name="flyonit.MavenJava.RestAPITest" tests="2" failures="0" timestamp="25 Jul 2022 07:38:34 GMT" time="0.014" errors="0">
  <testcase name="getAPI" time="0.013" classname="flyonit.MavenJava.RestAPITest"/>
  <testcase name="postAPI" time="0.001" classname="flyonit.MavenJava.RestAPITest"/>
</testsuite> <!-- flyonit.MavenJava.RestAPITest -->
